7/1/2020 5:52:34 PM	This log contains information about the import schema operation into project 'WebApp.Database' on computer 'DESKTOP-3G1R2N3' by user 'Ryan'.
7/1/2020 5:52:34 PM	Import of database schema has started.
7/1/2020 5:52:35 PM	Gathering error messages
7/1/2020 5:52:35 PM	Gathering cryptographic providers
7/1/2020 5:52:35 PM	Gathering credentials
7/1/2020 5:52:35 PM	Gathering logins
7/1/2020 5:52:35 PM	Gathering server roles
7/1/2020 5:52:35 PM	Gathering server role memberships
7/1/2020 5:52:35 PM	Gathering linked servers
7/1/2020 5:52:35 PM	Gathering linked server logins
7/1/2020 5:52:35 PM	Gathering routes
7/1/2020 5:52:35 PM	Gathering ddl triggers
7/1/2020 5:52:35 PM	Gathering encrypted and clr ddl triggers
7/1/2020 5:52:35 PM	Gathering event notifications
7/1/2020 5:52:35 PM	Gathering server audits
7/1/2020 5:52:35 PM	Gathering server audit specifications
7/1/2020 5:52:35 PM	Gathering event notifications
7/1/2020 5:52:35 PM	Gathering database credentials
7/1/2020 5:52:35 PM	Gathering database options
7/1/2020 5:52:35 PM	Gathering users
7/1/2020 5:52:35 PM	Gathering roles
7/1/2020 5:52:36 PM	Gathering application roles
7/1/2020 5:52:36 PM	Gathering role memberships
7/1/2020 5:52:36 PM	Gathering filegroups
7/1/2020 5:52:36 PM	Gathering files
7/1/2020 5:52:36 PM	Gathering full-text catalogs
7/1/2020 5:52:36 PM	Gathering assemblies
7/1/2020 5:52:36 PM	Gathering certificates
7/1/2020 5:52:36 PM	Gathering asymmetric keys
7/1/2020 5:52:36 PM	Gathering symmetric keys
7/1/2020 5:52:36 PM	Gathering encrypted symmetric keys
7/1/2020 5:52:36 PM	Gathering database encryption keys
7/1/2020 5:52:36 PM	Gathering schemas
7/1/2020 5:52:36 PM	Gathering XML schema collections
7/1/2020 5:52:36 PM	Gathering user-defined data types
7/1/2020 5:52:36 PM	Gathering user-defined types
7/1/2020 5:52:36 PM	Gathering table types
7/1/2020 5:52:36 PM	Gathering unique keys for table types
7/1/2020 5:52:36 PM	Gathering primary keys for table types
7/1/2020 5:52:36 PM	Gathering indexes for table types
7/1/2020 5:52:36 PM	Gathering check constraints for table types
7/1/2020 5:52:36 PM	Gathering default constraints for table types
7/1/2020 5:52:36 PM	Gathering partition functions
7/1/2020 5:52:36 PM	Gathering partition schemes
7/1/2020 5:52:36 PM	Gathering functions
7/1/2020 5:52:36 PM	Gathering encrypted functions
7/1/2020 5:52:36 PM	Gathering aggregates
7/1/2020 5:52:36 PM	Gathering procedures
7/1/2020 5:52:36 PM	Gathering encrypted procedures
7/1/2020 5:52:36 PM	Gathering tables
7/1/2020 5:52:36 PM	Gathering primary keys
7/1/2020 5:52:36 PM	Gathering unique constraints
7/1/2020 5:52:36 PM	Gathering foreign keys
7/1/2020 5:52:36 PM	Gathering default constraints
7/1/2020 5:52:36 PM	Gathering check constraints
7/1/2020 5:52:36 PM	Gathering views
7/1/2020 5:52:36 PM	Gathering encrypted views
7/1/2020 5:52:36 PM	Gathering indexes
7/1/2020 5:52:36 PM	Gathering statistics
7/1/2020 5:52:36 PM	Gathering full-text index stoplists
7/1/2020 5:52:36 PM	Gathering search property lists
7/1/2020 5:52:36 PM	Gathering search properties
7/1/2020 5:52:36 PM	Gathering full-text indexes
7/1/2020 5:52:36 PM	Gathering column store indexes
7/1/2020 5:52:36 PM	Gathering spatial indexes
7/1/2020 5:52:36 PM	Gathering XML indexes
7/1/2020 5:52:36 PM	Gathering Selective XML indexes
7/1/2020 5:52:36 PM	Gathering encrypted triggers
7/1/2020 5:52:36 PM	Gathering triggers
7/1/2020 5:52:36 PM	Gathering encrypted and clr ddl triggers
7/1/2020 5:52:36 PM	Gathering ddl triggers
7/1/2020 5:52:36 PM	Gathering synonyms
7/1/2020 5:52:36 PM	Gathering defaults
7/1/2020 5:52:36 PM	Gathering data constraint uddt bindings
7/1/2020 5:52:36 PM	Gathering rules
7/1/2020 5:52:36 PM	Gathering data constraint uddt bindings
7/1/2020 5:52:36 PM	Gathering message types
7/1/2020 5:52:36 PM	Gathering queues
7/1/2020 5:52:36 PM	Gathering contracts
7/1/2020 5:52:36 PM	Gathering services
7/1/2020 5:52:36 PM	Gathering routes
7/1/2020 5:52:36 PM	Gathering event notifications
7/1/2020 5:52:36 PM	Gathering remote service bindings
7/1/2020 5:52:36 PM	Gathering broker priorities
7/1/2020 5:52:36 PM	Gathering database audit specifications
7/1/2020 5:52:36 PM	Gathering signatures
7/1/2020 5:52:36 PM	Gathering data compression options
7/1/2020 5:52:36 PM	Gathering sequence types
7/1/2020 5:52:36 PM	Gathering security policies
7/1/2020 5:52:36 PM	Gather column encryption keys
7/1/2020 5:52:36 PM	Gathering column master keys
7/1/2020 5:52:36 PM	Gathering external data sources
7/1/2020 5:52:36 PM	Gathering external file formats
7/1/2020 5:52:36 PM	Gathering external tables
7/1/2020 5:52:36 PM	Gathering extended properties
7/1/2020 5:52:36 PM	Scanning project for duplicate elements
7/1/2020 5:52:36 PM	Finished duplicate element processing
7/1/2020 5:52:37 PM	Finished importing database.
7/1/2020 5:52:37 PM	A summary of the import was saved to the following location: C:\Users\Ryan\Desktop\PaySpace_Assessment\WebApp.Database\Import Schema Logs\WebApp.Database_20200701035234.log
7/1/2020 5:52:37 PM	Click Finish to continue...
